<?xml version="1.0" encoding="UTF-8"?>
<testsuite name="JUnit Jupiter" tests="18" skipped="0" failures="0" errors="0" time="0.05" hostname="MacBook-Air-de-Leonardo.local" timestamp="2025-11-05T15:33:31">
<properties>
[...]
</properties>
<testcase name="testCT010_CadastroDisciplinaCargaHorariaAcimaLimite()" classname="CasosDeTesteJUnit" time="0">
<system-out><![CDATA[
unique-id: [engine:junit-jupiter]/[class:CasosDeTesteJUnit]/[method:testCT010_CadastroDisciplinaCargaHorariaAcimaLimite()]
display-name: CT010 - Cadastro de disciplina com carga horária acima do limite
]]></system-out>
</testcase>
<testcase name="testCT017_EdicaoAlunoExistente()" classname="CasosDeTesteJUnit" time="0">
<system-out><![CDATA[
unique-id: [engine:junit-jupiter]/[class:CasosDeTesteJUnit]/[method:testCT017_EdicaoAlunoExistente()]
display-name: CT017 - Edição de aluno existente
]]></system-out>
</testcase>
<testcase name="testCT018_ExclusaoAluno()" classname="CasosDeTesteJUnit" time="0">
<system-out><![CDATA[
unique-id: [engine:junit-jupiter]/[class:CasosDeTesteJUnit]/[method:testCT018_ExclusaoAluno()]
display-name: CT018 - Exclusão de aluno
]]></system-out>
</testcase>
<testcase name="testCT001_CadastroAlunoValido()" classname="CasosDeTesteJUnit" time="0.014">
<system-out><![CDATA[
unique-id: [engine:junit-jupiter]/[class:CasosDeTesteJUnit]/[method:testCT001_CadastroAlunoValido()]
display-name: CT001 - Cadastro de aluno com dados válidos
]]></system-out>
</testcase>
<testcase name="testCT016_MatriculaComStatusInvalido()" classname="CasosDeTesteJUnit" time="0">
<system-out><![CDATA[
unique-id: [engine:junit-jupiter]/[class:CasosDeTesteJUnit]/[method:testCT016_MatriculaComStatusInvalido()]
display-name: CT016 - Matrícula com status inválido
]]></system-out>
</testcase>
<testcase name="testCT009_CadastroDisciplinaCargaHorariaMaximaValida()" classname="CasosDeTesteJUnit" time="0">
<system-out><![CDATA[
unique-id: [engine:junit-jupiter]/[class:CasosDeTesteJUnit]/[method:testCT009_CadastroDisciplinaCargaHorariaMaximaValida()]
display-name: CT009 - Cadastro de disciplina com carga horária máxima válida
]]></system-out>
</testcase>
<testcase name="testCT014_MatriculaComDataInvalida()" classname="CasosDeTesteJUnit" time="0">
<system-out><![CDATA[
unique-id: [engine:junit-jupiter]/[class:CasosDeTesteJUnit]/[method:testCT014_MatriculaComDataInvalida()]
display-name: CT014 - Matrícula com data inválida
]]></system-out>
</testcase>
<testcase name="testCT007_CadastroDisciplinaCargaHorariaMinimaValida()" classname="CasosDeTesteJUnit" time="0.003">
<system-out><![CDATA[
unique-id: [engine:junit-jupiter]/[class:CasosDeTesteJUnit]/[method:testCT007_CadastroDisciplinaCargaHorariaMinimaValida()]
display-name: CT007 - Cadastro de disciplina com carga horária mínima válida
]]></system-out>
</testcase>
<testcase name="testCT005_CadastroAlunoMatriculaDuplicada()" classname="CasosDeTesteJUnit" time="0">
<system-out><![CDATA[
unique-id: [engine:junit-jupiter]/[class:CasosDeTesteJUnit]/[method:testCT005_CadastroAlunoMatriculaDuplicada()]
display-name: CT005 - Cadastro de aluno com matrícula duplicada
]]></system-out>
</testcase>
<testcase name="testCT008_CadastroDisciplinaCargaHorariaZero()" classname="CasosDeTesteJUnit" time="0">
<system-out><![CDATA[
unique-id: [engine:junit-jupiter]/[class:CasosDeTesteJUnit]/[method:testCT008_CadastroDisciplinaCargaHorariaZero()]
display-name: CT008 - Cadastro de disciplina com carga horária zero
]]></system-out>
</testcase>
<testcase name="testCT012_MatriculaComDataAtual()" classname="CasosDeTesteJUnit" time="0.003">
<system-out><![CDATA[
unique-id: [engine:junit-jupiter]/[class:CasosDeTesteJUnit]/[method:testCT012_MatriculaComDataAtual()]
display-name: CT012 - Matrícula com data atual
]]></system-out>
</testcase>
<testcase name="testCT013_MatriculaComDataPassado()" classname="CasosDeTesteJUnit" time="0.001">
<system-out><![CDATA[
unique-id: [engine:junit-jupiter]/[class:CasosDeTesteJUnit]/[method:testCT013_MatriculaComDataPassado()]
display-name: CT013 - Matrícula com data no passado
]]></system-out>
</testcase>
<testcase name="testCT004_CadastroAlunoNomeAcimaLimite()" classname="CasosDeTesteJUnit" time="0">
<system-out><![CDATA[
unique-id: [engine:junit-jupiter]/[class:CasosDeTesteJUnit]/[method:testCT004_CadastroAlunoNomeAcimaLimite()]
display-name: CT004 - Cadastro de aluno com nome acima do limite
]]></system-out>
</testcase>
<testcase name="testCT006_CadastroAlunoEmailInvalido()" classname="CasosDeTesteJUnit" time="0">
<system-out><![CDATA[
unique-id: [engine:junit-jupiter]/[class:CasosDeTesteJUnit]/[method:testCT006_CadastroAlunoEmailInvalido()]
display-name: CT006 - Cadastro de aluno com email inválido
]]></system-out>
</testcase>
<testcase name="testCT011_CadastroDisciplinaSemProfessor()" classname="CasosDeTesteJUnit" time="0">
<system-out><![CDATA[
unique-id: [engine:junit-jupiter]/[class:CasosDeTesteJUnit]/[method:testCT011_CadastroDisciplinaSemProfessor()]
display-name: CT011 - Cadastro de disciplina sem professor selecionado
]]></system-out>
</testcase>
<testcase name="testCT015_MatriculaDuplicadaAtiva()" classname="CasosDeTesteJUnit" time="0.001">
<system-out><![CDATA[
unique-id: [engine:junit-jupiter]/[class:CasosDeTesteJUnit]/[method:testCT015_MatriculaDuplicadaAtiva()]
display-name: CT015 - Matrícula duplicada ativa
]]></system-out>
</testcase>
<testcase name="testCT002_CadastroAlunoNomeVazio()" classname="CasosDeTesteJUnit" time="0">
<system-out><![CDATA[
unique-id: [engine:junit-jupiter]/[class:CasosDeTesteJUnit]/[method:testCT002_CadastroAlunoNomeVazio()]
display-name: CT002 - Cadastro de aluno com nome vazio
]]></system-out>
</testcase>
<testcase name="testCT003_CadastroAlunoNomeLimiteMaximo()" classname="CasosDeTesteJUnit" time="0">
<system-out><![CDATA[
unique-id: [engine:junit-jupiter]/[class:CasosDeTesteJUnit]/[method:testCT003_CadastroAlunoNomeLimiteMaximo()]
display-name: CT003 - Cadastro de aluno com nome no limite máximo
]]></system-out>
</testcase>
<system-out><![CDATA[
unique-id: [engine:junit-jupiter]
display-name: JUnit Jupiter
]]></system-out>
</testsuite>
